{
  "stats": {
    "suites": 1,
    "tests": 21,
    "passes": 21,
    "pending": 0,
    "failures": 0,
    "start": "2023-05-02T09:43:47.255Z",
    "end": "2023-05-02T09:43:53.337Z",
    "duration": 6082,
    "testsRegistered": 21,
    "passPercent": 100,
    "pendingPercent": 0,
    "other": 0,
    "hasOther": false,
    "skipped": 0,
    "hasSkipped": false
  },
  "results": [
    {
      "uuid": "ea3e21b2-acba-4f99-967e-3c5fac96d19c",
      "title": "",
      "fullFile": "cypress\\e2e\\kantox_test.cy.js",
      "file": "cypress\\e2e\\kantox_test.cy.js",
      "beforeHooks": [],
      "afterHooks": [],
      "tests": [],
      "suites": [
        {
          "uuid": "910cbc16-27cb-4e36-a040-8e590c032ab2",
          "title": "QA Test V2.1",
          "fullFile": "",
          "file": "",
          "beforeHooks": [],
          "afterHooks": [],
          "tests": [
            {
              "title": "Basic test, low quantities, rule 1, 3 products",
              "fullTitle": "QA Test V2.1 Basic test, low quantities, rule 1, 3 products",
              "timedOut": null,
              "duration": 968,
              "state": "passed",
              "speed": "fast",
              "pass": true,
              "fail": false,
              "pending": false,
              "context": "{\n  \"title\": \"cypress-mochawesome-reporter-screenshots\",\n  \"value\": [\n    [\n      {\n        \"title\": \"Screenshot\",\n        \"value\": \"\\\\kantox_test.cy.js\\\\QA Test V2.1 -- Basic test, low quantities, rule 1, 3 products.png\"\n      },\n      {\n        \"title\": \"Screenshot\",\n        \"value\": \"\\\\kantox_test.cy.js\\\\QA Test V2.1 -- Basic test, low quantities, rule 1, 3 products (1).png\"\n      }\n    ]\n  ]\n}",
              "code": "cy.visit(\"https://40610796.servicio-online.net/kantox/cart_rule1_10.html\");\ncy.screenshot();\ncy.get('tbody > :nth-child(2) > :nth-child(1)').contains(\"GR1\");\ncy.get('tbody > :nth-child(2) > :nth-child(2)').contains(\"Green Tea\");\ncy.get('tbody > :nth-child(2) > :nth-child(3)').contains(\"3.11\");\ncy.get('tbody > :nth-child(2) > :nth-child(4)').contains(\"2\");\ncy.get('tbody > :nth-child(2) > :nth-child(5)').contains(\"1\");\ncy.get('tbody > :nth-child(2) > :nth-child(6)').contains(\"2\");\ncy.get('tbody > :nth-child(2) > :nth-child(7)').contains(\"0.0\");\ncy.get('tbody > :nth-child(2) > :nth-child(8)').contains(\"0\");\ncy.get('tbody > :nth-child(2) > :nth-child(9)').contains(\"12.44\");\ncy.get('tbody > :nth-child(3) > :nth-child(1)').contains(\"SR1\");\ncy.get('tbody > :nth-child(3) > :nth-child(2)').contains(\"Strawberries\");\ncy.get('tbody > :nth-child(3) > :nth-child(3)').contains(\"5.0\");\ncy.get('tbody > :nth-child(3) > :nth-child(4)').contains(\"6\");\ncy.get('tbody > :nth-child(3) > :nth-child(5)').contains(\"1\");\ncy.get('tbody > :nth-child(3) > :nth-child(6)').contains(\"6\");\ncy.get('tbody > :nth-child(3) > :nth-child(7)').contains(\"0.0\");\ncy.get('tbody > :nth-child(3) > :nth-child(8)').contains(\"0\");\ncy.get('tbody > :nth-child(3) > :nth-child(9)').contains(\"60\");\ncy.get('tbody > :nth-child(4) > :nth-child(1)').contains(\"CF1\");\ncy.get('tbody > :nth-child(4) > :nth-child(2)').contains(\"Coffee\");\ncy.get('tbody > :nth-child(4) > :nth-child(3)').contains(\"11.23\");\ncy.get('tbody > :nth-child(4) > :nth-child(4)').contains(\"9\");\ncy.get('tbody > :nth-child(4) > :nth-child(5)').contains(\"1\");\ncy.get('tbody > :nth-child(4) > :nth-child(6)').contains(\"9\");\ncy.get('tbody > :nth-child(4) > :nth-child(7)').contains(\"0.0\");\ncy.get('tbody > :nth-child(4) > :nth-child(8)').contains(\"0\");\ncy.get('tbody > :nth-child(4) > :nth-child(9)').contains(\"202.14\");\ncy.get(':nth-child(5) > :nth-child(9)');\ncy.screenshot();",
              "err": {},
              "uuid": "988171a7-d433-4ad9-aa0a-e9725a15c8ba",
              "parentUUID": "910cbc16-27cb-4e36-a040-8e590c032ab2",
              "isHook": false,
              "skipped": false
            },
            {
              "title": "Check products are loaded from YAML file",
              "fullTitle": "QA Test V2.1 Check products are loaded from YAML file",
              "timedOut": null,
              "duration": 120,
              "state": "passed",
              "speed": "fast",
              "pass": true,
              "fail": false,
              "pending": false,
              "context": null,
              "code": "cy.visit(\"https://40610796.servicio-online.net/kantox/TEST000_2023-04-08T22_56_51.493955_rule0_N%3D3_pN%3D0.html\");\ncy.contains(\"Green Tea\");\ncy.contains(\"Strawberries\");\ncy.contains(\"Coffee\");",
              "err": {},
              "uuid": "7c0c1751-1a51-45a5-a5a4-d2aab345259b",
              "parentUUID": "910cbc16-27cb-4e36-a040-8e590c032ab2",
              "isHook": false,
              "skipped": false
            },
            {
              "title": "Check behaviour of rule 1 - 10 products",
              "fullTitle": "QA Test V2.1 Check behaviour of rule 1 - 10 products",
              "timedOut": null,
              "duration": 111,
              "state": "passed",
              "speed": "fast",
              "pass": true,
              "fail": false,
              "pending": false,
              "context": null,
              "code": "cy.visit(\"https://40610796.servicio-online.net/kantox/TEST001_2023-04-08T22_21_12.808236_rule1_N=3_pN=10.html\");",
              "err": {},
              "uuid": "a855afc7-5d88-4605-ac5d-8d7b4beb7969",
              "parentUUID": "910cbc16-27cb-4e36-a040-8e590c032ab2",
              "isHook": false,
              "skipped": false
            },
            {
              "title": "Check behaviour of rule 2 - 10 products",
              "fullTitle": "QA Test V2.1 Check behaviour of rule 2 - 10 products",
              "timedOut": null,
              "duration": 96,
              "state": "passed",
              "speed": "fast",
              "pass": true,
              "fail": false,
              "pending": false,
              "context": null,
              "code": "cy.visit(\"https://40610796.servicio-online.net/kantox/TEST002_2023-04-08T22_26_26.125490_rule2_N=3_pN=10.html\");",
              "err": {},
              "uuid": "6de912f7-dfe9-4246-8f0a-640bb460d183",
              "parentUUID": "910cbc16-27cb-4e36-a040-8e590c032ab2",
              "isHook": false,
              "skipped": false
            },
            {
              "title": "Check behaviour of rule 3 - 10 products",
              "fullTitle": "QA Test V2.1 Check behaviour of rule 3 - 10 products",
              "timedOut": null,
              "duration": 108,
              "state": "passed",
              "speed": "fast",
              "pass": true,
              "fail": false,
              "pending": false,
              "context": null,
              "code": "cy.visit(\"https://40610796.servicio-online.net/kantox/TEST003_2023-04-08T22_35_28.853016_rule3_N=3_pN=10.html\");",
              "err": {},
              "uuid": "5708567e-aa03-4649-8952-99e6d392ed30",
              "parentUUID": "910cbc16-27cb-4e36-a040-8e590c032ab2",
              "isHook": false,
              "skipped": false
            },
            {
              "title": "Check behaviour of rule 1 - 100 products",
              "fullTitle": "QA Test V2.1 Check behaviour of rule 1 - 100 products",
              "timedOut": null,
              "duration": 151,
              "state": "passed",
              "speed": "fast",
              "pass": true,
              "fail": false,
              "pending": false,
              "context": null,
              "code": "cy.visit(\"https://40610796.servicio-online.net/kantox/TEST101_2023-04-08T23_24_29.449105_rule1_N=10_pN=100.html\");",
              "err": {},
              "uuid": "3a8e11f3-3468-46f2-8c94-89af537d3242",
              "parentUUID": "910cbc16-27cb-4e36-a040-8e590c032ab2",
              "isHook": false,
              "skipped": false
            },
            {
              "title": "Check behaviour of rule 2 - 100 products",
              "fullTitle": "QA Test V2.1 Check behaviour of rule 2 - 100 products",
              "timedOut": null,
              "duration": 98,
              "state": "passed",
              "speed": "fast",
              "pass": true,
              "fail": false,
              "pending": false,
              "context": null,
              "code": "cy.visit(\"https://40610796.servicio-online.net/kantox/TEST102_2023-04-08T23_27_00.760848_rule2_N=10_pN=100.html\");",
              "err": {},
              "uuid": "8a920870-1126-4739-8580-b12e5ee93a0a",
              "parentUUID": "910cbc16-27cb-4e36-a040-8e590c032ab2",
              "isHook": false,
              "skipped": false
            },
            {
              "title": "Check behaviour of rule 3 - 100 products",
              "fullTitle": "QA Test V2.1 Check behaviour of rule 3 - 100 products",
              "timedOut": null,
              "duration": 98,
              "state": "passed",
              "speed": "fast",
              "pass": true,
              "fail": false,
              "pending": false,
              "context": null,
              "code": "cy.visit(\"https://40610796.servicio-online.net/kantox/TEST103_2023-04-08T23_29_23.622893_rule3_N=10_pN=100.html\");",
              "err": {},
              "uuid": "cdb84c8c-88b2-4109-a650-14f73f340728",
              "parentUUID": "910cbc16-27cb-4e36-a040-8e590c032ab2",
              "isHook": false,
              "skipped": false
            },
            {
              "title": "Check behaviour of rule 1 - 1000 products",
              "fullTitle": "QA Test V2.1 Check behaviour of rule 1 - 1000 products",
              "timedOut": null,
              "duration": 102,
              "state": "passed",
              "speed": "fast",
              "pass": true,
              "fail": false,
              "pending": false,
              "context": null,
              "code": "cy.visit(\"https://40610796.servicio-online.net/kantox/TEST1001_2023-04-08T23_32_42.439661_rule1_N=100_pN=1000.html\");",
              "err": {},
              "uuid": "c9cc348a-3d92-461b-bd4c-3fdc8371b617",
              "parentUUID": "910cbc16-27cb-4e36-a040-8e590c032ab2",
              "isHook": false,
              "skipped": false
            },
            {
              "title": "Check behaviour of rule 2 - 1000 products",
              "fullTitle": "QA Test V2.1 Check behaviour of rule 2 - 1000 products",
              "timedOut": null,
              "duration": 104,
              "state": "passed",
              "speed": "fast",
              "pass": true,
              "fail": false,
              "pending": false,
              "context": null,
              "code": "cy.visit(\"https://40610796.servicio-online.net/kantox/TEST1002_2023-04-08T23_41_39.721578_rule2_N=66_pN=1000.html\");",
              "err": {},
              "uuid": "61cbf308-f5bc-4a7f-88b2-3675d74fd70a",
              "parentUUID": "910cbc16-27cb-4e36-a040-8e590c032ab2",
              "isHook": false,
              "skipped": false
            },
            {
              "title": "Check behaviour of rule 3 - 1000 products",
              "fullTitle": "QA Test V2.1 Check behaviour of rule 3 - 1000 products",
              "timedOut": null,
              "duration": 124,
              "state": "passed",
              "speed": "fast",
              "pass": true,
              "fail": false,
              "pending": false,
              "context": null,
              "code": "cy.visit(\"https://40610796.servicio-online.net/kantox/TEST1003_2023-04-08T23_47_17.642016_rule3_N=333_pN=1000.html\");",
              "err": {},
              "uuid": "8db05376-7ae5-4e76-8809-f771640585ca",
              "parentUUID": "910cbc16-27cb-4e36-a040-8e590c032ab2",
              "isHook": false,
              "skipped": false
            },
            {
              "title": "Check behaviour of rule 1 -  1000000000 products",
              "fullTitle": "QA Test V2.1 Check behaviour of rule 1 -  1000000000 products",
              "timedOut": null,
              "duration": 123,
              "state": "passed",
              "speed": "fast",
              "pass": true,
              "fail": false,
              "pending": false,
              "context": null,
              "code": "cy.visit(\"https://40610796.servicio-online.net/kantox/TEST1000000001_2023_51_14.117296_rule1_N=66666666_pN=1000000000.html\");",
              "err": {},
              "uuid": "7486bfbf-3570-4075-ac2b-b9dd70061d50",
              "parentUUID": "910cbc16-27cb-4e36-a040-8e590c032ab2",
              "isHook": false,
              "skipped": false
            },
            {
              "title": "Check behaviour of rule 2 - 1000000000 products",
              "fullTitle": "QA Test V2.1 Check behaviour of rule 2 - 1000000000 products",
              "timedOut": null,
              "duration": 111,
              "state": "passed",
              "speed": "fast",
              "pass": true,
              "fail": false,
              "pending": false,
              "context": null,
              "code": "cy.visit(\"https://40610796.servicio-online.net/kantox/TEST1000000002_2023-04-08T23_57_47.702263_rule2_N=222222222_pN=1000000000.html\");",
              "err": {},
              "uuid": "d02d3202-e536-495d-bd9f-f450ef4ff4c7",
              "parentUUID": "910cbc16-27cb-4e36-a040-8e590c032ab2",
              "isHook": false,
              "skipped": false
            },
            {
              "title": "Check behaviour of rule 3 - 1000000000 products",
              "fullTitle": "QA Test V2.1 Check behaviour of rule 3 - 1000000000 products",
              "timedOut": null,
              "duration": 131,
              "state": "passed",
              "speed": "fast",
              "pass": true,
              "fail": false,
              "pending": false,
              "context": null,
              "code": "cy.visit(\"https://40610796.servicio-online.net/kantox/TEST1000000003_2023-04-09T00_01_24.956105_rule3_N=77777777_pN=1000000000.html\");",
              "err": {},
              "uuid": "a4a51f36-3a4b-42e0-a729-414916058651",
              "parentUUID": "910cbc16-27cb-4e36-a040-8e590c032ab2",
              "isHook": false,
              "skipped": false
            },
            {
              "title": "Check if +1000 different products can be loaded - for rule 1",
              "fullTitle": "QA Test V2.1 Check if +1000 different products can be loaded - for rule 1",
              "timedOut": null,
              "duration": 145,
              "state": "passed",
              "speed": "fast",
              "pass": true,
              "fail": false,
              "pending": false,
              "context": null,
              "code": "// deep scenarios should be built since real different product should have different product codes\ncy.visit(\"https://40610796.servicio-online.net/kantox/TEST1000products1_2023-04-09T00_09_22.339330_rule1_N=13_pN=100.html\");",
              "err": {},
              "uuid": "ae3b82e1-da78-4451-b436-1a3d363107a9",
              "parentUUID": "910cbc16-27cb-4e36-a040-8e590c032ab2",
              "isHook": false,
              "skipped": false
            },
            {
              "title": "Check if +1000 different products can be loaded - for rule 2",
              "fullTitle": "QA Test V2.1 Check if +1000 different products can be loaded - for rule 2",
              "timedOut": null,
              "duration": 122,
              "state": "passed",
              "speed": "fast",
              "pass": true,
              "fail": false,
              "pending": false,
              "context": null,
              "code": "// deep scenarios should be built since real different product should have different product codes\ncy.visit(\"https://40610796.servicio-online.net/kantox/TEST1000products2_2023-04-09T00_14_12.084443_rule2_N=50_pN=100.html\");",
              "err": {},
              "uuid": "6e1129cb-6a84-418e-b460-b0cf6b636361",
              "parentUUID": "910cbc16-27cb-4e36-a040-8e590c032ab2",
              "isHook": false,
              "skipped": false
            },
            {
              "title": "Check if +1000 different products can be loaded - for rule 3",
              "fullTitle": "QA Test V2.1 Check if +1000 different products can be loaded - for rule 3",
              "timedOut": null,
              "duration": 117,
              "state": "passed",
              "speed": "fast",
              "pass": true,
              "fail": false,
              "pending": false,
              "context": null,
              "code": "// deep scenarios should be built since real different product should have different product codes\ncy.visit(\"https://40610796.servicio-online.net/kantox/TEST1000products3_2023-04-09T00_16_21.424250_rule3_N=66_pN=100.html\");",
              "err": {},
              "uuid": "a146945a-2f67-4eeb-b26e-a63ed6566826",
              "parentUUID": "910cbc16-27cb-4e36-a040-8e590c032ab2",
              "isHook": false,
              "skipped": false
            },
            {
              "title": "Check long names for products and poduct codes can be entered",
              "fullTitle": "QA Test V2.1 Check long names for products and poduct codes can be entered",
              "timedOut": null,
              "duration": 118,
              "state": "passed",
              "speed": "fast",
              "pass": true,
              "fail": false,
              "pending": false,
              "context": null,
              "code": "// deep scenarios should be built since real different product should have different product codes\ncy.visit(\"https://40610796.servicio-online.net/kantox/TEST_longnames_2023-04-09T10_41_27.216335_rule1_N=10_pN=100.html\");\ncy.contains(\"BANANA00000000000000000000000000000000000000000000000000000000000000001\");\ncy.contains(\"Bananaaaaaaaaaaaaaaaaaaaaaaaaaaaaaaaaaaaaaaaaaaaaaaaaaaaaaaaaaaaaaaaaaa\");",
              "err": {},
              "uuid": "cd8c3086-89aa-49da-a5f5-54c5424fce27",
              "parentUUID": "910cbc16-27cb-4e36-a040-8e590c032ab2",
              "isHook": false,
              "skipped": false
            },
            {
              "title": "Added + Products...",
              "fullTitle": "QA Test V2.1 Added + Products...",
              "timedOut": null,
              "duration": 135,
              "state": "passed",
              "speed": "fast",
              "pass": true,
              "fail": false,
              "pending": false,
              "context": null,
              "code": "cy.visit(\"https://40610796.servicio-online.net/kantox/cart_9068.671271959483_rule123_N=10_pN=100.html\");\ncy.contains('Carrot');\ncy.contains('Vodka');\ncy.contains('Cherry');\ncy.contains('Apple');\ncy.contains('Chocolate');\ncy.contains('Smacks');\ncy.contains('Salmon');\ncy.contains('Carrot');",
              "err": {},
              "uuid": "4cc8dad1-e9d7-4955-9f92-09668d7546db",
              "parentUUID": "910cbc16-27cb-4e36-a040-8e590c032ab2",
              "isHook": false,
              "skipped": false
            },
            {
              "title": "Check if negative values are not allowed for prices",
              "fullTitle": "QA Test V2.1 Check if negative values are not allowed for prices",
              "timedOut": null,
              "duration": 429,
              "state": "passed",
              "speed": "fast",
              "pass": true,
              "fail": false,
              "pending": false,
              "context": null,
              "code": "// case is failing becaus price should top at 0 as discounts are applied\n// rebuilt cart for test, modified discount to never get to 0, but have a 10% price only\ncy.visit(\"https://40610796.servicio-online.net/kantox/TEST_negativeValues_cart_5505.071876404714_rule123_N%3D10_pN%3D100.html\");\n// affected cases where discount is bigger than price , so price goes under 0 but now just get 10% of price\ncy.get(':nth-child(5) > :nth-child(7)').should('have.text', '0.15');\ncy.get(':nth-child(5) > :nth-child(9)').should('have.text', '2.85');\ncy.get(':nth-child(14) > :nth-child(7)').should('have.text', '0.2');\ncy.get(':nth-child(14) > :nth-child(9)').should('have.text', '3.8');",
              "err": {},
              "uuid": "4f79d0af-a969-47d0-aa7f-645c092a34de",
              "parentUUID": "910cbc16-27cb-4e36-a040-8e590c032ab2",
              "isHook": false,
              "skipped": false
            },
            {
              "title": "Check if random rule (for each row) works correcly",
              "fullTitle": "QA Test V2.1 Check if random rule (for each row) works correcly",
              "timedOut": null,
              "duration": 115,
              "state": "passed",
              "speed": "fast",
              "pass": true,
              "fail": false,
              "pending": false,
              "context": null,
              "code": "// case is failing because price should top at 0 as discounts are applied\ncy.visit(\"https://40610796.servicio-online.net/kantox/TEST_randomRule_many_2023-04-09T10_21_06.599334_ruleR_N=10_pN=100.html\");",
              "err": {},
              "uuid": "298705fe-98b8-4088-9088-8efab7541f0b",
              "parentUUID": "910cbc16-27cb-4e36-a040-8e590c032ab2",
              "isHook": false,
              "skipped": false
            }
          ],
          "suites": [],
          "passes": [
            "988171a7-d433-4ad9-aa0a-e9725a15c8ba",
            "7c0c1751-1a51-45a5-a5a4-d2aab345259b",
            "a855afc7-5d88-4605-ac5d-8d7b4beb7969",
            "6de912f7-dfe9-4246-8f0a-640bb460d183",
            "5708567e-aa03-4649-8952-99e6d392ed30",
            "3a8e11f3-3468-46f2-8c94-89af537d3242",
            "8a920870-1126-4739-8580-b12e5ee93a0a",
            "cdb84c8c-88b2-4109-a650-14f73f340728",
            "c9cc348a-3d92-461b-bd4c-3fdc8371b617",
            "61cbf308-f5bc-4a7f-88b2-3675d74fd70a",
            "8db05376-7ae5-4e76-8809-f771640585ca",
            "7486bfbf-3570-4075-ac2b-b9dd70061d50",
            "d02d3202-e536-495d-bd9f-f450ef4ff4c7",
            "a4a51f36-3a4b-42e0-a729-414916058651",
            "ae3b82e1-da78-4451-b436-1a3d363107a9",
            "6e1129cb-6a84-418e-b460-b0cf6b636361",
            "a146945a-2f67-4eeb-b26e-a63ed6566826",
            "cd8c3086-89aa-49da-a5f5-54c5424fce27",
            "4cc8dad1-e9d7-4955-9f92-09668d7546db",
            "4f79d0af-a969-47d0-aa7f-645c092a34de",
            "298705fe-98b8-4088-9088-8efab7541f0b"
          ],
          "failures": [],
          "pending": [],
          "skipped": [],
          "duration": 3626,
          "root": false,
          "rootEmpty": false,
          "_timeout": 2000
        }
      ],
      "passes": [],
      "failures": [],
      "pending": [],
      "skipped": [],
      "duration": 0,
      "root": true,
      "rootEmpty": true,
      "_timeout": 2000
    }
  ],
  "meta": {
    "mocha": {
      "version": "7.0.1"
    },
    "mochawesome": {
      "options": {
        "quiet": false,
        "reportFilename": "mochawesome",
        "saveHtml": true,
        "saveJson": true,
        "consoleReporter": "spec",
        "useInlineDiffs": false,
        "code": true
      },
      "version": "7.1.3"
    },
    "marge": {
      "options": null,
      "version": "6.2.0"
    }
  }
}