{
  "stats": {
    "suites": 1,
    "tests": 21,
    "passes": 19,
    "pending": 0,
    "failures": 2,
    "start": "2023-04-16T11:47:39.554Z",
    "end": "2023-04-16T11:47:53.400Z",
    "duration": 13846,
    "testsRegistered": 21,
    "passPercent": 90.47619047619048,
    "pendingPercent": 0,
    "other": 0,
    "hasOther": false,
    "skipped": 0,
    "hasSkipped": false
  },
  "results": [
    {
      "uuid": "6add59d5-cca8-440b-b65d-a1d8e8264e06",
      "title": "",
      "fullFile": "cypress\\e2e\\kantox_test.cy.js",
      "file": "cypress\\e2e\\kantox_test.cy.js",
      "beforeHooks": [],
      "afterHooks": [],
      "tests": [],
      "suites": [
        {
          "uuid": "352e3e24-3b26-418c-8e51-2e9d69dd9634",
          "title": "QA Test V2.1",
          "fullFile": "",
          "file": "",
          "beforeHooks": [],
          "afterHooks": [],
          "tests": [
            {
              "title": "Basic test, low quantities, rule 1, 3 products",
              "fullTitle": "QA Test V2.1 Basic test, low quantities, rule 1, 3 products",
              "timedOut": null,
              "duration": 861,
              "state": "passed",
              "speed": "fast",
              "pass": true,
              "fail": false,
              "pending": false,
              "context": "{\n  \"title\": \"cypress-mochawesome-reporter-screenshots\",\n  \"value\": [\n    [\n      {\n        \"title\": \"Screenshot\",\n        \"value\": \"\\\\kantox_test.cy.js\\\\QA Test V2.1 -- Basic test, low quantities, rule 1, 3 products.png\"\n      },\n      {\n        \"title\": \"Screenshot\",\n        \"value\": \"\\\\kantox_test.cy.js\\\\QA Test V2.1 -- Basic test, low quantities, rule 1, 3 products (1).png\"\n      }\n    ]\n  ]\n}",
              "code": "cy.visit(\"https://40610796.servicio-online.net/kantox/cart_rule1_10.html\");\ncy.screenshot();\ncy.get('tbody > :nth-child(2) > :nth-child(1)').contains(\"GR1\");\ncy.get('tbody > :nth-child(2) > :nth-child(2)').contains(\"Green Tea\");\ncy.get('tbody > :nth-child(2) > :nth-child(3)').contains(\"3.11\");\ncy.get('tbody > :nth-child(2) > :nth-child(4)').contains(\"2\");\ncy.get('tbody > :nth-child(2) > :nth-child(5)').contains(\"1\");\ncy.get('tbody > :nth-child(2) > :nth-child(6)').contains(\"2\");\ncy.get('tbody > :nth-child(2) > :nth-child(7)').contains(\"0.0\");\ncy.get('tbody > :nth-child(2) > :nth-child(8)').contains(\"0\");\ncy.get('tbody > :nth-child(2) > :nth-child(9)').contains(\"12.44\");\ncy.get('tbody > :nth-child(3) > :nth-child(1)').contains(\"SR1\");\ncy.get('tbody > :nth-child(3) > :nth-child(2)').contains(\"Strawberries\");\ncy.get('tbody > :nth-child(3) > :nth-child(3)').contains(\"5.0\");\ncy.get('tbody > :nth-child(3) > :nth-child(4)').contains(\"6\");\ncy.get('tbody > :nth-child(3) > :nth-child(5)').contains(\"1\");\ncy.get('tbody > :nth-child(3) > :nth-child(6)').contains(\"6\");\ncy.get('tbody > :nth-child(3) > :nth-child(7)').contains(\"0.0\");\ncy.get('tbody > :nth-child(3) > :nth-child(8)').contains(\"0\");\ncy.get('tbody > :nth-child(3) > :nth-child(9)').contains(\"60\");\ncy.get('tbody > :nth-child(4) > :nth-child(1)').contains(\"CF1\");\ncy.get('tbody > :nth-child(4) > :nth-child(2)').contains(\"Coffee\");\ncy.get('tbody > :nth-child(4) > :nth-child(3)').contains(\"11.23\");\ncy.get('tbody > :nth-child(4) > :nth-child(4)').contains(\"9\");\ncy.get('tbody > :nth-child(4) > :nth-child(5)').contains(\"1\");\ncy.get('tbody > :nth-child(4) > :nth-child(6)').contains(\"9\");\ncy.get('tbody > :nth-child(4) > :nth-child(7)').contains(\"0.0\");\ncy.get('tbody > :nth-child(4) > :nth-child(8)').contains(\"0\");\ncy.get('tbody > :nth-child(4) > :nth-child(9)').contains(\"202.14\");\ncy.get(':nth-child(5) > :nth-child(9)');\ncy.screenshot();",
              "err": {},
              "uuid": "0312440f-25bc-407e-af6a-02e3a9b0ce5d",
              "parentUUID": "352e3e24-3b26-418c-8e51-2e9d69dd9634",
              "isHook": false,
              "skipped": false
            },
            {
              "title": "Check products are loaded from YAML file",
              "fullTitle": "QA Test V2.1 Check products are loaded from YAML file",
              "timedOut": null,
              "duration": 114,
              "state": "passed",
              "speed": "fast",
              "pass": true,
              "fail": false,
              "pending": false,
              "context": null,
              "code": "cy.visit(\"https://40610796.servicio-online.net/kantox/TEST000_2023-04-08T22_56_51.493955_rule0_N%3D3_pN%3D0.html\");\ncy.contains(\"Green Tea\");\ncy.contains(\"Strawberries\");\ncy.contains(\"Coffee\");",
              "err": {},
              "uuid": "48d512ec-1147-4b79-afff-cce65c1916c0",
              "parentUUID": "352e3e24-3b26-418c-8e51-2e9d69dd9634",
              "isHook": false,
              "skipped": false
            },
            {
              "title": "Check behaviour of rule 1 - 10 products",
              "fullTitle": "QA Test V2.1 Check behaviour of rule 1 - 10 products",
              "timedOut": null,
              "duration": 97,
              "state": "passed",
              "speed": "fast",
              "pass": true,
              "fail": false,
              "pending": false,
              "context": null,
              "code": "cy.visit(\"https://40610796.servicio-online.net/kantox/TEST001_2023-04-08T22_21_12.808236_rule1_N=3_pN=10.html\");",
              "err": {},
              "uuid": "73b0502d-5912-4a56-9f3a-9f4be5406239",
              "parentUUID": "352e3e24-3b26-418c-8e51-2e9d69dd9634",
              "isHook": false,
              "skipped": false
            },
            {
              "title": "Check behaviour of rule 2 - 10 products",
              "fullTitle": "QA Test V2.1 Check behaviour of rule 2 - 10 products",
              "timedOut": null,
              "duration": 94,
              "state": "passed",
              "speed": "fast",
              "pass": true,
              "fail": false,
              "pending": false,
              "context": null,
              "code": "cy.visit(\"https://40610796.servicio-online.net/kantox/TEST002_2023-04-08T22_26_26.125490_rule2_N=3_pN=10.html\");",
              "err": {},
              "uuid": "cf32c5f0-ae20-41cd-8b8f-bf762cdc9363",
              "parentUUID": "352e3e24-3b26-418c-8e51-2e9d69dd9634",
              "isHook": false,
              "skipped": false
            },
            {
              "title": "Check behaviour of rule 3 - 10 products",
              "fullTitle": "QA Test V2.1 Check behaviour of rule 3 - 10 products",
              "timedOut": null,
              "duration": 105,
              "state": "passed",
              "speed": "fast",
              "pass": true,
              "fail": false,
              "pending": false,
              "context": null,
              "code": "cy.visit(\"https://40610796.servicio-online.net/kantox/TEST003_2023-04-08T22_35_28.853016_rule3_N=3_pN=10.html\");",
              "err": {},
              "uuid": "03e3c240-5bfd-407c-b7cb-1ce1070dd9fd",
              "parentUUID": "352e3e24-3b26-418c-8e51-2e9d69dd9634",
              "isHook": false,
              "skipped": false
            },
            {
              "title": "Check behaviour of rule 1 - 100 products",
              "fullTitle": "QA Test V2.1 Check behaviour of rule 1 - 100 products",
              "timedOut": null,
              "duration": 88,
              "state": "passed",
              "speed": "fast",
              "pass": true,
              "fail": false,
              "pending": false,
              "context": null,
              "code": "cy.visit(\"https://40610796.servicio-online.net/kantox/TEST101_2023-04-08T23_24_29.449105_rule1_N=10_pN=100.html\");",
              "err": {},
              "uuid": "f864ba15-8ff8-4e5d-89f1-e2e88bc54d98",
              "parentUUID": "352e3e24-3b26-418c-8e51-2e9d69dd9634",
              "isHook": false,
              "skipped": false
            },
            {
              "title": "Check behaviour of rule 2 - 100 products",
              "fullTitle": "QA Test V2.1 Check behaviour of rule 2 - 100 products",
              "timedOut": null,
              "duration": 84,
              "state": "passed",
              "speed": "fast",
              "pass": true,
              "fail": false,
              "pending": false,
              "context": null,
              "code": "cy.visit(\"https://40610796.servicio-online.net/kantox/TEST102_2023-04-08T23_27_00.760848_rule2_N=10_pN=100.html\");",
              "err": {},
              "uuid": "635521f7-ec37-41cf-8bf3-8284c721e07d",
              "parentUUID": "352e3e24-3b26-418c-8e51-2e9d69dd9634",
              "isHook": false,
              "skipped": false
            },
            {
              "title": "Check behaviour of rule 3 - 100 products",
              "fullTitle": "QA Test V2.1 Check behaviour of rule 3 - 100 products",
              "timedOut": null,
              "duration": 87,
              "state": "passed",
              "speed": "fast",
              "pass": true,
              "fail": false,
              "pending": false,
              "context": null,
              "code": "cy.visit(\"https://40610796.servicio-online.net/kantox/TEST103_2023-04-08T23_29_23.622893_rule3_N=10_pN=100.html\");",
              "err": {},
              "uuid": "c73a1d81-329e-4596-85d6-02994e9eb34a",
              "parentUUID": "352e3e24-3b26-418c-8e51-2e9d69dd9634",
              "isHook": false,
              "skipped": false
            },
            {
              "title": "Check behaviour of rule 1 - 1000 products",
              "fullTitle": "QA Test V2.1 Check behaviour of rule 1 - 1000 products",
              "timedOut": null,
              "duration": 87,
              "state": "passed",
              "speed": "fast",
              "pass": true,
              "fail": false,
              "pending": false,
              "context": null,
              "code": "cy.visit(\"https://40610796.servicio-online.net/kantox/TEST1001_2023-04-08T23_32_42.439661_rule1_N=100_pN=1000.html\");",
              "err": {},
              "uuid": "c2b4db30-1409-4c4b-80ed-b9992db880b6",
              "parentUUID": "352e3e24-3b26-418c-8e51-2e9d69dd9634",
              "isHook": false,
              "skipped": false
            },
            {
              "title": "Check behaviour of rule 2 - 1000 products",
              "fullTitle": "QA Test V2.1 Check behaviour of rule 2 - 1000 products",
              "timedOut": null,
              "duration": 96,
              "state": "passed",
              "speed": "fast",
              "pass": true,
              "fail": false,
              "pending": false,
              "context": null,
              "code": "cy.visit(\"https://40610796.servicio-online.net/kantox/TEST1002_2023-04-08T23_41_39.721578_rule2_N=66_pN=1000.html\");",
              "err": {},
              "uuid": "668e550b-c604-4a4a-9081-44a1824d435e",
              "parentUUID": "352e3e24-3b26-418c-8e51-2e9d69dd9634",
              "isHook": false,
              "skipped": false
            },
            {
              "title": "Check behaviour of rule 3 - 1000 products",
              "fullTitle": "QA Test V2.1 Check behaviour of rule 3 - 1000 products",
              "timedOut": null,
              "duration": 95,
              "state": "passed",
              "speed": "fast",
              "pass": true,
              "fail": false,
              "pending": false,
              "context": null,
              "code": "cy.visit(\"https://40610796.servicio-online.net/kantox/TEST1003_2023-04-08T23_47_17.642016_rule3_N=333_pN=1000.html\");",
              "err": {},
              "uuid": "515bcc94-73d1-4267-8191-ff78322849d6",
              "parentUUID": "352e3e24-3b26-418c-8e51-2e9d69dd9634",
              "isHook": false,
              "skipped": false
            },
            {
              "title": "Check behaviour of rule 1 -  1000000000 products",
              "fullTitle": "QA Test V2.1 Check behaviour of rule 1 -  1000000000 products",
              "timedOut": null,
              "duration": 85,
              "state": "passed",
              "speed": "fast",
              "pass": true,
              "fail": false,
              "pending": false,
              "context": null,
              "code": "cy.visit(\"https://40610796.servicio-online.net/kantox/TEST1000000001_2023_51_14.117296_rule1_N=66666666_pN=1000000000.html\");",
              "err": {},
              "uuid": "294a9c79-dfb2-42c1-a4a4-f9948b5d7684",
              "parentUUID": "352e3e24-3b26-418c-8e51-2e9d69dd9634",
              "isHook": false,
              "skipped": false
            },
            {
              "title": "Check behaviour of rule 2 - 1000000000 products",
              "fullTitle": "QA Test V2.1 Check behaviour of rule 2 - 1000000000 products",
              "timedOut": null,
              "duration": 84,
              "state": "passed",
              "speed": "fast",
              "pass": true,
              "fail": false,
              "pending": false,
              "context": null,
              "code": "cy.visit(\"https://40610796.servicio-online.net/kantox/TEST1000000002_2023-04-08T23_57_47.702263_rule2_N=222222222_pN=1000000000.html\");",
              "err": {},
              "uuid": "7c317be1-997a-44b5-a777-5c41529f2ee7",
              "parentUUID": "352e3e24-3b26-418c-8e51-2e9d69dd9634",
              "isHook": false,
              "skipped": false
            },
            {
              "title": "Check behaviour of rule 3 - 1000000000 products",
              "fullTitle": "QA Test V2.1 Check behaviour of rule 3 - 1000000000 products",
              "timedOut": null,
              "duration": 93,
              "state": "passed",
              "speed": "fast",
              "pass": true,
              "fail": false,
              "pending": false,
              "context": null,
              "code": "cy.visit(\"https://40610796.servicio-online.net/kantox/TEST1000000003_2023-04-09T00_01_24.956105_rule3_N=77777777_pN=1000000000.html\");",
              "err": {},
              "uuid": "d7594f9c-a39b-4412-b1c2-9e5661cc5fe4",
              "parentUUID": "352e3e24-3b26-418c-8e51-2e9d69dd9634",
              "isHook": false,
              "skipped": false
            },
            {
              "title": "Check if +1000 different products can be loaded - for rule 1",
              "fullTitle": "QA Test V2.1 Check if +1000 different products can be loaded - for rule 1",
              "timedOut": null,
              "duration": 142,
              "state": "passed",
              "speed": "fast",
              "pass": true,
              "fail": false,
              "pending": false,
              "context": null,
              "code": "// deep scenarios should be built since real different product should have different product codes\ncy.visit(\"https://40610796.servicio-online.net/kantox/TEST1000products1_2023-04-09T00_09_22.339330_rule1_N=13_pN=100.html\");",
              "err": {},
              "uuid": "1c854aab-b93d-4232-abd9-feb71a03551d",
              "parentUUID": "352e3e24-3b26-418c-8e51-2e9d69dd9634",
              "isHook": false,
              "skipped": false
            },
            {
              "title": "Check if +1000 different products can be loaded - for rule 2",
              "fullTitle": "QA Test V2.1 Check if +1000 different products can be loaded - for rule 2",
              "timedOut": null,
              "duration": 142,
              "state": "passed",
              "speed": "fast",
              "pass": true,
              "fail": false,
              "pending": false,
              "context": null,
              "code": "// deep scenarios should be built since real different product should have different product codes\ncy.visit(\"https://40610796.servicio-online.net/kantox/TEST1000products2_2023-04-09T00_14_12.084443_rule2_N=50_pN=100.html\");",
              "err": {},
              "uuid": "1287533f-7d82-4090-8d41-5610cb39a0a4",
              "parentUUID": "352e3e24-3b26-418c-8e51-2e9d69dd9634",
              "isHook": false,
              "skipped": false
            },
            {
              "title": "Check if +1000 different products can be loaded - for rule 3",
              "fullTitle": "QA Test V2.1 Check if +1000 different products can be loaded - for rule 3",
              "timedOut": null,
              "duration": 105,
              "state": "passed",
              "speed": "fast",
              "pass": true,
              "fail": false,
              "pending": false,
              "context": null,
              "code": "// deep scenarios should be built since real different product should have different product codes\ncy.visit(\"https://40610796.servicio-online.net/kantox/TEST1000products3_2023-04-09T00_16_21.424250_rule3_N=66_pN=100.html\");",
              "err": {},
              "uuid": "1af3eb6d-612d-4233-90fa-fe19119b3a09",
              "parentUUID": "352e3e24-3b26-418c-8e51-2e9d69dd9634",
              "isHook": false,
              "skipped": false
            },
            {
              "title": "Check long names for products and preoduct codes can be entered",
              "fullTitle": "QA Test V2.1 Check long names for products and preoduct codes can be entered",
              "timedOut": null,
              "duration": 109,
              "state": "passed",
              "speed": "fast",
              "pass": true,
              "fail": false,
              "pending": false,
              "context": null,
              "code": "// deep scenarios should be built since real different product should have different product codes\ncy.visit(\"https://40610796.servicio-online.net/kantox/TEST_longnames_2023-04-09T10_41_27.216335_rule1_N=10_pN=100.html\");\ncy.contains(\"BANANA00000000000000000000000000000000000000000000000000000000000000001\");\ncy.contains(\"Bananaaaaaaaaaaaaaaaaaaaaaaaaaaaaaaaaaaaaaaaaaaaaaaaaaaaaaaaaaaaaaaaaaa\");",
              "err": {},
              "uuid": "1e474f54-9fae-4b64-a55a-2273ca3c8c67",
              "parentUUID": "352e3e24-3b26-418c-8e51-2e9d69dd9634",
              "isHook": false,
              "skipped": false
            },
            {
              "title": "Check if negative values are not allowed for prices",
              "fullTitle": "QA Test V2.1 Check if negative values are not allowed for prices",
              "timedOut": null,
              "duration": 4261,
              "state": "failed",
              "speed": null,
              "pass": false,
              "fail": true,
              "pending": false,
              "context": "{\n  \"title\": \"cypress-mochawesome-reporter-screenshots\",\n  \"value\": [\n    [\n      {\n        \"title\": \"Failed screenshot\",\n        \"value\": \"\\\\kantox_test.cy.js\\\\QA Test V2.1 -- Check if negative values are not allowed for prices (failed).png\"\n      }\n    ]\n  ]\n}",
              "code": "// case is failing becaus price should top at 0 as discounts are applied\ncy.visit(\"https://40610796.servicio-online.net/kantox/TEST_negativeValues_2023-04-09T11_00_49.104916_rule1_N=10_pN=100.html\");\ncy.get(':nth-child(5) > :nth-child(9)').should('have.text', '0');",
              "err": {
                "message": "AssertionError: Timed out retrying after 4000ms: expected '<td>' to have text '0', but the text was '-102.0'",
                "estack": "AssertionError: Timed out retrying after 4000ms: expected '<td>' to have text '0', but the text was '-102.0'\n    at Context.eval (webpack:///./cypress/e2e/kantox_test.cy.js:125:50)",
                "diff": "- '-102.0'\n+ '0'\n"
              },
              "uuid": "78bc59a3-ef44-4da8-9ce9-f09b8169e23a",
              "parentUUID": "352e3e24-3b26-418c-8e51-2e9d69dd9634",
              "isHook": false,
              "skipped": false
            },
            {
              "title": "Check if random rule (for each row) works correcly",
              "fullTitle": "QA Test V2.1 Check if random rule (for each row) works correcly",
              "timedOut": null,
              "duration": 462,
              "state": "passed",
              "speed": "fast",
              "pass": true,
              "fail": false,
              "pending": false,
              "context": null,
              "code": "// case is failing because price should top at 0 as discounts are applied\ncy.visit(\"https://40610796.servicio-online.net/kantox/TEST_randomRule_many_2023-04-09T10_21_06.599334_ruleR_N=10_pN=100.html\");",
              "err": {},
              "uuid": "961049b9-c19a-4fd7-bf6d-67f720741421",
              "parentUUID": "352e3e24-3b26-418c-8e51-2e9d69dd9634",
              "isHook": false,
              "skipped": false
            },
            {
              "title": "Added + Products...",
              "fullTitle": "QA Test V2.1 Added + Products...",
              "timedOut": null,
              "duration": 4292,
              "state": "failed",
              "speed": null,
              "pass": false,
              "fail": true,
              "pending": false,
              "context": "{\n  \"title\": \"cypress-mochawesome-reporter-screenshots\",\n  \"value\": [\n    [\n      {\n        \"title\": \"Failed screenshot\",\n        \"value\": \"\\\\kantox_test.cy.js\\\\QA Test V2.1 -- Added + Products (failed).png\"\n      }\n    ]\n  ]\n}",
              "code": "cy.visit(\"https://40610796.servicio-online.net/kantox/cart_9068.671271959483_rule123_N=10_pN=100.html\");\ncy.contains('Carrot');\ncy.contains('Vodka');\ncy.contains('Cherry');\ncy.contains('Apple');\ncy.contains('Chocoloate');\ncy.contains('Smacks');\ncy.contains('Salmon');\ncy.contains('Carrot');",
              "err": {
                "message": "AssertionError: Timed out retrying after 4000ms: Expected to find content: 'Chocoloate' but never did.",
                "estack": "AssertionError: Timed out retrying after 4000ms: Expected to find content: 'Chocoloate' but never did.\n    at Context.eval (webpack:///./cypress/e2e/kantox_test.cy.js:139:9)",
                "diff": null
              },
              "uuid": "66999744-7cf3-4bb9-89d7-3415e6ea8d59",
              "parentUUID": "352e3e24-3b26-418c-8e51-2e9d69dd9634",
              "isHook": false,
              "skipped": false
            }
          ],
          "suites": [],
          "passes": [
            "0312440f-25bc-407e-af6a-02e3a9b0ce5d",
            "48d512ec-1147-4b79-afff-cce65c1916c0",
            "73b0502d-5912-4a56-9f3a-9f4be5406239",
            "cf32c5f0-ae20-41cd-8b8f-bf762cdc9363",
            "03e3c240-5bfd-407c-b7cb-1ce1070dd9fd",
            "f864ba15-8ff8-4e5d-89f1-e2e88bc54d98",
            "635521f7-ec37-41cf-8bf3-8284c721e07d",
            "c73a1d81-329e-4596-85d6-02994e9eb34a",
            "c2b4db30-1409-4c4b-80ed-b9992db880b6",
            "668e550b-c604-4a4a-9081-44a1824d435e",
            "515bcc94-73d1-4267-8191-ff78322849d6",
            "294a9c79-dfb2-42c1-a4a4-f9948b5d7684",
            "7c317be1-997a-44b5-a777-5c41529f2ee7",
            "d7594f9c-a39b-4412-b1c2-9e5661cc5fe4",
            "1c854aab-b93d-4232-abd9-feb71a03551d",
            "1287533f-7d82-4090-8d41-5610cb39a0a4",
            "1af3eb6d-612d-4233-90fa-fe19119b3a09",
            "1e474f54-9fae-4b64-a55a-2273ca3c8c67",
            "961049b9-c19a-4fd7-bf6d-67f720741421"
          ],
          "failures": [
            "78bc59a3-ef44-4da8-9ce9-f09b8169e23a",
            "66999744-7cf3-4bb9-89d7-3415e6ea8d59"
          ],
          "pending": [],
          "skipped": [],
          "duration": 11583,
          "root": false,
          "rootEmpty": false,
          "_timeout": 2000
        }
      ],
      "passes": [],
      "failures": [],
      "pending": [],
      "skipped": [],
      "duration": 0,
      "root": true,
      "rootEmpty": true,
      "_timeout": 2000
    }
  ],
  "meta": {
    "mocha": {
      "version": "7.0.1"
    },
    "mochawesome": {
      "options": {
        "quiet": false,
        "reportFilename": "mochawesome",
        "saveHtml": true,
        "saveJson": true,
        "consoleReporter": "spec",
        "useInlineDiffs": false,
        "code": true
      },
      "version": "7.1.3"
    },
    "marge": {
      "options": null,
      "version": "6.2.0"
    }
  }
}